[www.fitfount.hu/index.html]
[backblue.gif]
[fade.gif]
[index.html]
[duyn491kcolsw.cloudfront.net/files/0r/0rk/0rklmm2e80.css]
[duyn491kcolsw.cloudfront.net/files/1f/1f7/1f704g2e80.css]
[duyn491kcolsw.cloudfront.net/files/1m/1ma/1maefn2e80.css]
[duyn491kcolsw.cloudfront.net/files/27/27n/27ncg52e80.css]
[duyn491kcolsw.cloudfront.net/files/02/020/020n4c2e80.css]
[duyn491kcolsw.cloudfront.net/files/16/165/165wwj2e80.css]
[duyn491kcolsw.cloudfront.net/files/2x/2x2/2x2olf2e80.css]
[duyn491kcolsw.cloudfront.net/files/3d/3dw/3dw98r2e80.css]
[duyn491kcolsw.cloudfront.net/client/js.polyfill/container-query-polyfill.modern.js]
[duyn491kcolsw.cloudfront.net/files/22/22p/22p7r72e80.css]
[www.google-analytics.com/analytics.js]
[connect.facebook.net/en_US/fbevents.js]
[connect.facebook.net/hu_HU/sdk.js]
[4255f134c4.clvaw-cdnwnd.com/e4229c6c44f7aa3e1cfaab61d9d6417f/200000001-f245c00147/új babér22e80.jpg]
[4255f134c4.clvaw-cdnwnd.com/e4229c6c44f7aa3e1cfaab61d9d6417f/200000327-5ae525ae54/image-crop-200000209-62e80.jpg]
[www.fitfount.hu/cart/index.html]
[4255f134c4.clvaw-cdnwnd.com/e4229c6c44f7aa3e1cfaab61d9d6417f/200000016-8fcdc90c7a/pasa2e80.jpg]
[www.fitfount.hu/kapcsolat/index.html]
[4255f134c4.clvaw-cdnwnd.com/e4229c6c44f7aa3e1cfaab61d9d6417f/200000128-450d546057/24899824_1068440306632448_2654792500489540952_n-22e80.jpg]
[www.fitfount.hu/rolam/index.html]
[4255f134c4.clvaw-cdnwnd.com/e4229c6c44f7aa3e1cfaab61d9d6417f/200000151-1a7db1b78d/fogyás edzés2e80.jpg]
[4255f134c4.clvaw-cdnwnd.com/e4229c6c44f7aa3e1cfaab61d9d6417f/200000022-aedcfb0d09/13330443_1213947711950180_81655342_n2e80.png]
[www.fitfount.hu/referenciak/index.html]
[4255f134c4.clvaw-cdnwnd.com/e4229c6c44f7aa3e1cfaab61d9d6417f/200000025-8887c89825/piroska2e80.jpg]
[www.fitfount.hu/ajandekkartya/index.html]
[4255f134c4.clvaw-cdnwnd.com/e4229c6c44f7aa3e1cfaab61d9d6417f/200000023-6237e6331c/10565237_937606302931831_6371955653100477727_n2e80.jpg]
[4255f134c4.clvaw-cdnwnd.com/e4229c6c44f7aa3e1cfaab61d9d6417f/200000204-865b5865b8/személyi edzés fogyás-82e80.jpg]
[www.fitfount.hu/taplalekkiegeszitok/index.html]
[4255f134c4.clvaw-cdnwnd.com/e4229c6c44f7aa3e1cfaab61d9d6417f/200000021-486db4966e/26672e80.png]
[4255f134c4.clvaw-cdnwnd.com/e4229c6c44f7aa3e1cfaab61d9d6417f/200000205-4afce4afd0/fogyás személyi edzés-82e80.jpg]
[4255f134c4.clvaw-cdnwnd.com/e4229c6c44f7aa3e1cfaab61d9d6417f/200000002-a0556a14e7/Dollarphotoclujpg2e80.jpg]
[duyn491kcolsw.cloudfront.net/files/0z/0zr/0zrgxo2e80.js]
[www.fitfount.hu/arlista-2021/index.html]
[duyn491kcolsw.cloudfront.net/client.fe/js.compiled/lang.hu.14572e80.js]
[www.fitfount.hu/allaslehetoseg/index.html]
[www.fitfount.hu/index.html]
[duyn491kcolsw.cloudfront.net/files/0r/0rk/0rklmm2e80.css]
[www.fitfount.hu/beszamolok/index.html]
[duyn491kcolsw.cloudfront.net/files/1f/1f7/1f704g2e80.css]
[www.fitfount.hu/10-hetes-zsiregeto-kihivas/index.html]
[www.fitfount.hu/uj-eletmod-start/index.html]
[duyn491kcolsw.cloudfront.net/client.fe/js.compiled/compiled.multi.2-17732e80.js]
[duyn491kcolsw.cloudfront.net/files/3p/3pq/3pq60x.png]
[duyn491kcolsw.cloudfront.net/files/1m/1ma/1maefn2e80.css]
[duyn491kcolsw.cloudfront.net/files/27/27n/27ncg52e80.css]
[duyn491kcolsw.cloudfront.net/files/02/020/020n4c2e80.css]
[duyn491kcolsw.cloudfront.net/files/16/165/165wwj2e80.css]
[duyn491kcolsw.cloudfront.net/files/3e/3e6/3e64vr2e80.css]
[duyn491kcolsw.cloudfront.net/files/2x/2x2/2x2olf2e80.css]
[duyn491kcolsw.cloudfront.net/files/3d/3dw/3dw98r2e80.css]
[duyn491kcolsw.cloudfront.net/files/22/22p/22p7r72e80.css]
[www.googletagmanager.com/gtm5445.html]
[www.fitfount.hu/a]
[www.fitfount.hu/POST]
[www.fitfount.hu/b.resolvedLink]
[www.fitfount.hu/schema.org/index.html]
[www.fitfount.hu/signals/iwl.js]
[connect.facebook.net/en_US/fbevents.js]
[connect.facebook.net/hu_HU/sdk.js]
[www.fitfount.hu/cart/index.html]
[www.fitfount.hu/home/index.html]
[4255f134c4.clvaw-cdnwnd.com/e4229c6c44f7aa3e1cfaab61d9d6417f/200000024-5700957f9b/Messenger2e80.png]
[www.fitfount.hu/kapcsolat/index.html]
[4255f134c4.clvaw-cdnwnd.com/e4229c6c44f7aa3e1cfaab61d9d6417f/200000197-3582b367c1/Ignéczi Viktor személyi edző edzés székesfehérvár2e80.jpg]
[4255f134c4.clvaw-cdnwnd.com/e4229c6c44f7aa3e1cfaab61d9d6417f/200000198-22f0723ebe/személyi edző kiss heni székesfehervar2e80.jpg]
[4255f134c4.clvaw-cdnwnd.com/e4229c6c44f7aa3e1cfaab61d9d6417f/200000196-f3f0d00cba/személyi edző edzés2e80.jpg]
[4255f134c4.clvaw-cdnwnd.com/e4229c6c44f7aa3e1cfaab61d9d6417f/200000195-3b5fa3c56e/személyi edző Szakács Noémi2e80.jpg]
[4255f134c4.clvaw-cdnwnd.com/e4229c6c44f7aa3e1cfaab61d9d6417f/200000335-74e3574e38/WhatsApp Image 2024-05-29 at 13.47.592e80.jpg]
[www.fitfount.hu/rolam/index.html]
[4255f134c4.clvaw-cdnwnd.com/e4229c6c44f7aa3e1cfaab61d9d6417f/200000038-507ba51757/személyi edzés arpi2e80.jpg]
[4255f134c4.clvaw-cdnwnd.com/e4229c6c44f7aa3e1cfaab61d9d6417f/200000039-805aa8153d/személyi edzes andi2e80.jpg]
[4255f134c4.clvaw-cdnwnd.com/e4229c6c44f7aa3e1cfaab61d9d6417f/200000037-b6e28b7dc1/személyi edzés ibi2e80.jpg]
[4255f134c4.clvaw-cdnwnd.com/e4229c6c44f7aa3e1cfaab61d9d6417f/200000036-92b2093ac6/személyi edzés gyöngyi2e80.jpg]
[4255f134c4.clvaw-cdnwnd.com/e4229c6c44f7aa3e1cfaab61d9d6417f/200000035-1c92e1d8ca/személyi edzes atti2e80.jpg]
[4255f134c4.clvaw-cdnwnd.com/e4229c6c44f7aa3e1cfaab61d9d6417f/200000034-f1669f25fb/személyi edzes zsolti2e80.jpg]
[www.fitfount.hu/referenciak/index.html]
[www.fitfount.hu/ajandekkartya/index.html]
[4255f134c4.clvaw-cdnwnd.com/e4229c6c44f7aa3e1cfaab61d9d6417f/200000074-283622931c/optimum nutrition személyi edzés2e80.jpg]
[4255f134c4.clvaw-cdnwnd.com/e4229c6c44f7aa3e1cfaab61d9d6417f/200000069-0607b07034/optimum nutrition gold 100- whey személyi edzés (2)2e80.jpg]
[4255f134c4.clvaw-cdnwnd.com/e4229c6c44f7aa3e1cfaab61d9d6417f/200000070-47742486e5/optimum nutrition casein  személyi edzés (2)2e80.jpg]
[4255f134c4.clvaw-cdnwnd.com/e4229c6c44f7aa3e1cfaab61d9d6417f/200000071-37d7838cfd/optimum nutrition seriouss mass személyi edzés2e80.jpg]
[4255f134c4.clvaw-cdnwnd.com/e4229c6c44f7aa3e1cfaab61d9d6417f/200000075-d2228d31cb/optimum nutrition személyi edzés2e80.png]
[www.fitfount.hu/taplalekkiegeszitok/index.html]
[4255f134c4.clvaw-cdnwnd.com/e4229c6c44f7aa3e1cfaab61d9d6417f/200000337-15d5715d58/arlista2024092e80.jpg]
[4255f134c4.clvaw-cdnwnd.com/e4229c6c44f7aa3e1cfaab61d9d6417f/200000339-2880f28812/arlista20240922e80.jpg]
[www.fitfount.hu/arlista-2021/index.html]
[4255f134c4.clvaw-cdnwnd.com/e4229c6c44f7aa3e1cfaab61d9d6417f/200000109-68a20699fc/pt12e80.jpg]
[www.fitfount.hu/allaslehetoseg/index.html]
[www.fitfount.hu/beszamolok/index.html]
[4255f134c4.clvaw-cdnwnd.com/e4229c6c44f7aa3e1cfaab61d9d6417f/200000220-4a4454a447/10het2e80.jpg]
[www.fitfount.hu/10-hetes-zsiregeto-kihivas/index.html]
[4255f134c4.clvaw-cdnwnd.com/e4229c6c44f7aa3e1cfaab61d9d6417f/200000244-a3bc8a3bdd/fitness-and-nutrition2e80.jpg]
[www.fitfount.hu/uj-eletmod-start/index.html]
[www.fitfount.hu/a.html]
[www.fitfount.hu/POST.html]
[www.fitfount.hu/schema.org/index.html]
[www.fitfount.hu/b.html]
[www.fitfount.hu/signals/iwl.html]
[www.fitfount.hu/checkout/index.html]
